<?xml version="1.0" encoding="UTF-8"?>
<testsuite xmlns:xsi="http://www.w3.org/2001/XMLSchema-instance" xsi:noNamespaceSchemaLocation="https://maven.apache.org/surefire/maven-surefire-plugin/xsd/surefire-test-report.xsd" version="3.0.2" name="org.example.webcotaspringboot.WebCotaSpringBootApplicationTests" time="7.656" tests="1" errors="0" skipped="0" failures="0">
  <properties>
[...]
</properties>
  <testcase name="contextLoads" classname="org.example.webcotaspringboot.WebCotaSpringBootApplicationTests" time="1.228">
    <system-out><![CDATA[08:20:10.292 [main] INFO org.springframework.test.context.support.AnnotationConfigContextLoaderUtils -- Could not detect default configuration classes for test class [org.example.webcotaspringboot.WebCotaSpringBootApplicationTests]: WebCotaSpringBootApplicationTests does not declare any static, non-private, non-final, nested classes annotated with @Configuration.
08:20:10.516 [main] INFO org.springframework.boot.test.context.SpringBootTestContextBootstrapper -- Found @SpringBootConfiguration org.example.webcotaspringboot.WebCotaSpringBootApplication for test class org.example.webcotaspringboot.WebCotaSpringBootApplicationTests

  .   ____          _            __ _ _
 /\\ / ___'_ __ _ _(_)_ __  __ _ \ \ \ \
( ( )\___ | '_ | '_| | '_ \/ _` | \ \ \ \
 \\/  ___)| |_)| | | | | || (_| |  ) ) ) )
  '  |____| .__|_| |_|_| |_\__, | / / / /
 =========|_|==============|___/=/_/_/_/

 :: Spring Boot ::                (v3.4.3)

2025-03-27T08:20:11.590-03:00  INFO 63116 --- [WebCotaSpringBoot] [           main] o.e.w.WebCotaSpringBootApplicationTests  : Starting WebCotaSpringBootApplicationTests using Java 22.0.2 with PID 63116 (started by leonardofurlanis-ieg in C:\Users\leonardofurlanis-ieg\OneDrive - Instituto Germinare\Área de Trabalho\Tech\DAD\webCotaProjetoBackEnd\WebCotaBackEnd)
2025-03-27T08:20:11.595-03:00  INFO 63116 --- [WebCotaSpringBoot] [           main] o.e.w.WebCotaSpringBootApplicationTests  : No active profile set, falling back to 1 default profile: "default"
2025-03-27T08:20:13.306-03:00  INFO 63116 --- [WebCotaSpringBoot] [           main] .s.d.r.c.RepositoryConfigurationDelegate : Bootstrapping Spring Data MongoDB repositories in DEFAULT mode.
2025-03-27T08:20:13.388-03:00  INFO 63116 --- [WebCotaSpringBoot] [           main] .s.d.r.c.RepositoryConfigurationDelegate : Finished Spring Data repository scanning in 65 ms. Found 1 MongoDB repository interface.
2025-03-27T08:20:14.383-03:00  INFO 63116 --- [WebCotaSpringBoot] [           main] org.mongodb.driver.client                : MongoClient with metadata {"driver": {"name": "mongo-java-driver|sync|spring-boot", "version": "5.2.1"}, "os": {"type": "Windows", "name": "Windows 11", "architecture": "amd64", "version": "10.0"}, "platform": "Java/Oracle Corporation/22.0.2+9-70"} created with settings MongoClientSettings{readPreference=primary, writeConcern=WriteConcern{w=null, wTimeout=null ms, journal=null}, retryWrites=true, retryReads=true, readConcern=ReadConcern{level=null}, credential=MongoCredential{mechanism=null, userName='dbUser', source='admin', password=<hidden>, mechanismProperties=<hidden>}, transportSettings=null, commandListeners=[], codecRegistry=ProvidersCodecRegistry{codecProviders=[ValueCodecProvider{}, BsonValueCodecProvider{}, DBRefCodecProvider{}, DBObjectCodecProvider{}, DocumentCodecProvider{}, CollectionCodecProvider{}, IterableCodecProvider{}, MapCodecProvider{}, GeoJsonCodecProvider{}, GridFSFileCodecProvider{}, Jsr310CodecProvider{}, JsonObjectCodecProvider{}, BsonCodecProvider{}, EnumCodecProvider{}, com.mongodb.client.model.mql.ExpressionCodecProvider@f238e4f, com.mongodb.Jep395RecordCodecProvider@3b24087d, com.mongodb.KotlinCodecProvider@75fe1619]}, loggerSettings=LoggerSettings{maxDocumentLength=1000}, clusterSettings={hosts=[127.0.0.1:27017], srvHost=webcota.picqr.mongodb.net, srvServiceName=mongodb, mode=MULTIPLE, requiredClusterType=REPLICA_SET, requiredReplicaSetName='atlas-a1vczi-shard-0', serverSelector='null', clusterListeners='[]', serverSelectionTimeout='30000 ms', localThreshold='15 ms'}, socketSettings=SocketSettings{connectTimeoutMS=10000, readTimeoutMS=0, receiveBufferSize=0, proxySettings=ProxySettings{host=null, port=null, username=null, password=null}}, heartbeatSocketSettings=SocketSettings{connectTimeoutMS=10000, readTimeoutMS=10000, receiveBufferSize=0, proxySettings=ProxySettings{host=null, port=null, username=null, password=null}}, connectionPoolSettings=ConnectionPoolSettings{maxSize=100, minSize=0, maxWaitTimeMS=120000, maxConnectionLifeTimeMS=0, maxConnectionIdleTimeMS=0, maintenanceInitialDelayMS=0, maintenanceFrequencyMS=60000, connectionPoolListeners=[], maxConnecting=2}, serverSettings=ServerSettings{heartbeatFrequencyMS=10000, minHeartbeatFrequencyMS=500, serverMonitoringMode=AUTO, serverListeners='[]', serverMonitorListeners='[]'}, sslSettings=SslSettings{enabled=true, invalidHostNameAllowed=false, context=null}, applicationName='null', compressorList=[], uuidRepresentation=JAVA_LEGACY, serverApi=null, autoEncryptionSettings=null, dnsClient=null, inetAddressResolver=null, contextProvider=null, timeoutMS=null}
2025-03-27T08:20:14.582-03:00  INFO 63116 --- [WebCotaSpringBoot] [cqr.mongodb.net] org.mongodb.driver.cluster               : Adding discovered server webcota-shard-00-02.picqr.mongodb.net:27017 to client view of cluster
2025-03-27T08:20:14.666-03:00  INFO 63116 --- [WebCotaSpringBoot] [cqr.mongodb.net] org.mongodb.driver.cluster               : Adding discovered server webcota-shard-00-01.picqr.mongodb.net:27017 to client view of cluster
2025-03-27T08:20:14.674-03:00  INFO 63116 --- [WebCotaSpringBoot] [cqr.mongodb.net] org.mongodb.driver.cluster               : Adding discovered server webcota-shard-00-00.picqr.mongodb.net:27017 to client view of cluster
2025-03-27T08:20:15.474-03:00  INFO 63116 --- [WebCotaSpringBoot] [           main] o.s.v.b.OptionalValidatorFactoryBean     : Failed to set up a Bean Validation provider: jakarta.validation.NoProviderFoundException: Unable to create a Configuration, because no Jakarta Bean Validation provider could be found. Add a provider like Hibernate Validator (RI) to your classpath.
2025-03-27T08:20:15.530-03:00  INFO 63116 --- [WebCotaSpringBoot] [ngodb.net:27017] org.mongodb.driver.cluster               : Monitor thread successfully connected to server with description ServerDescription{address=webcota-shard-00-02.picqr.mongodb.net:27017, type=REPLICA_SET_PRIMARY, cryptd=false, state=CONNECTED, ok=true, minWireVersion=0, maxWireVersion=25, maxDocumentSize=16777216, logicalSessionTimeoutMinutes=30, roundTripTimeNanos=480674400, minRoundTripTimeNanos=0, setName='atlas-a1vczi-shard-0', canonicalAddress=webcota-shard-00-02.picqr.mongodb.net:27017, hosts=[webcota-shard-00-00.picqr.mongodb.net:27017, webcota-shard-00-02.picqr.mongodb.net:27017, webcota-shard-00-01.picqr.mongodb.net:27017], passives=[], arbiters=[], primary='webcota-shard-00-02.picqr.mongodb.net:27017', tagSet=TagSet{[Tag{name='availabilityZone', value='sae1-az2'}, Tag{name='diskState', value='READY'}, Tag{name='nodeType', value='ELECTABLE'}, Tag{name='provider', value='AWS'}, Tag{name='region', value='SA_EAST_1'}, Tag{name='workloadType', value='OPERATIONAL'}]}, electionId=7fffffff000000000000003e, setVersion=12, topologyVersion=TopologyVersion{processId=67e19df919a95393fd802363, counter=6}, lastWriteDate=Thu Mar 27 08:20:15 BRT 2025, lastUpdateTimeNanos=1283100570965400}
2025-03-27T08:20:15.530-03:00  INFO 63116 --- [WebCotaSpringBoot] [ngodb.net:27017] org.mongodb.driver.cluster               : Monitor thread successfully connected to server with description ServerDescription{address=webcota-shard-00-01.picqr.mongodb.net:27017, type=REPLICA_SET_SECONDARY, cryptd=false, state=CONNECTED, ok=true, minWireVersion=0, maxWireVersion=25, maxDocumentSize=16777216, logicalSessionTimeoutMinutes=30, roundTripTimeNanos=480673000, minRoundTripTimeNanos=0, setName='atlas-a1vczi-shard-0', canonicalAddress=webcota-shard-00-01.picqr.mongodb.net:27017, hosts=[webcota-shard-00-00.picqr.mongodb.net:27017, webcota-shard-00-02.picqr.mongodb.net:27017, webcota-shard-00-01.picqr.mongodb.net:27017], passives=[], arbiters=[], primary='webcota-shard-00-02.picqr.mongodb.net:27017', tagSet=TagSet{[Tag{name='availabilityZone', value='sae1-az3'}, Tag{name='diskState', value='READY'}, Tag{name='nodeType', value='ELECTABLE'}, Tag{name='provider', value='AWS'}, Tag{name='region', value='SA_EAST_1'}, Tag{name='workloadType', value='OPERATIONAL'}]}, electionId=null, setVersion=12, topologyVersion=TopologyVersion{processId=67e19e2b1cedbdc26cb6eb66, counter=3}, lastWriteDate=Thu Mar 27 08:20:15 BRT 2025, lastUpdateTimeNanos=1283100570965300}
2025-03-27T08:20:15.530-03:00  INFO 63116 --- [WebCotaSpringBoot] [ngodb.net:27017] org.mongodb.driver.cluster               : Monitor thread successfully connected to server with description ServerDescription{address=webcota-shard-00-00.picqr.mongodb.net:27017, type=REPLICA_SET_SECONDARY, cryptd=false, state=CONNECTED, ok=true, minWireVersion=0, maxWireVersion=25, maxDocumentSize=16777216, logicalSessionTimeoutMinutes=30, roundTripTimeNanos=480674200, minRoundTripTimeNanos=0, setName='atlas-a1vczi-shard-0', canonicalAddress=webcota-shard-00-00.picqr.mongodb.net:27017, hosts=[webcota-shard-00-00.picqr.mongodb.net:27017, webcota-shard-00-02.picqr.mongodb.net:27017, webcota-shard-00-01.picqr.mongodb.net:27017], passives=[], arbiters=[], primary='webcota-shard-00-02.picqr.mongodb.net:27017', tagSet=TagSet{[Tag{name='availabilityZone', value='sae1-az1'}, Tag{name='diskState', value='READY'}, Tag{name='nodeType', value='ELECTABLE'}, Tag{name='provider', value='AWS'}, Tag{name='region', value='SA_EAST_1'}, Tag{name='workloadType', value='OPERATIONAL'}]}, electionId=null, setVersion=12, topologyVersion=TopologyVersion{processId=67e19dc855b45c4663d5bee0, counter=4}, lastWriteDate=Thu Mar 27 08:20:15 BRT 2025, lastUpdateTimeNanos=1283100570965400}
2025-03-27T08:20:15.541-03:00  INFO 63116 --- [WebCotaSpringBoot] [ngodb.net:27017] org.mongodb.driver.cluster               : Discovered replica set primary webcota-shard-00-02.picqr.mongodb.net:27017 with max election id 7fffffff000000000000003e and max set version 12
2025-03-27T08:20:16.351-03:00  INFO 63116 --- [WebCotaSpringBoot] [           main] o.e.w.WebCotaSpringBootApplicationTests  : Started WebCotaSpringBootApplicationTests in 5.637 seconds (process running for 7.433)
]]></system-out>
    <system-err><![CDATA[Mockito is currently self-attaching to enable the inline-mock-maker. This will no longer work in future releases of the JDK. Please add Mockito as an agent to your build what is described in Mockito's documentation: https://javadoc.io/doc/org.mockito/mockito-core/latest/org/mockito/Mockito.html#0.3
WARNING: A Java agent has been loaded dynamically (C:\Users\leonardofurlanis-ieg\.m2\repository\net\bytebuddy\byte-buddy-agent\1.15.11\byte-buddy-agent-1.15.11.jar)
WARNING: If a serviceability tool is in use, please run with -XX:+EnableDynamicAgentLoading to hide this warning
WARNING: If a serviceability tool is not in use, please run with -Djdk.instrument.traceUsage for more information
WARNING: Dynamic loading of agents will be disallowed by default in a future release
]]></system-err>
  </testcase>
</testsuite>